2015-11-07 17:19:42   [main] INFO  pl.java.scalatech.BootCamp - Starting BootCamp on przodownik-r1 with PID 18459 (/home/przodownik/blog/basicCamp/bin started by przodownik in /home/przodownik/blog/basicCamp) 
2015-11-07 17:20:34   [main] INFO  pl.java.scalatech.BootCamp - Starting BootCamp on przodownik-r1 with PID 18512 (/home/przodownik/blog/basicCamp/bin started by przodownik in /home/przodownik/blog/basicCamp) 
2015-11-07 17:21:50   [main] INFO  pl.java.scalatech.BootCamp - Starting BootCamp on przodownik-r1 with PID 18584 (/home/przodownik/blog/basicCamp/bin started by przodownik in /home/przodownik/blog/basicCamp) 
2015-11-07 17:22:23   [main] INFO  pl.java.scalatech.BootCamp - Starting BootCamp on przodownik-r1 with PID 18628 (/home/przodownik/blog/basicCamp/bin started by przodownik in /home/przodownik/blog/basicCamp) 
2015-11-07 17:22:51   [main] INFO  pl.java.scalatech.BootCamp - Starting BootCamp on przodownik-r1 with PID 18674 (/home/przodownik/blog/basicCamp/bin started by przodownik in /home/przodownik/blog/basicCamp) 
2015-11-07 17:23:18   [main] INFO  pl.java.scalatech.BootCamp - Starting BootCamp on przodownik-r1 with PID 18723 (/home/przodownik/blog/basicCamp/bin started by przodownik in /home/przodownik/blog/basicCamp) 
2015-11-07 17:23:22   [main] INFO  pl.java.scalatech.BootCamp - Started BootCamp in 4.517 seconds (JVM running for 4.861) 
2015-11-07 17:51:01   [Test worker] INFO  p.j.s.SpringDataTestApplicationTests - Starting SpringDataTestApplicationTests on przodownik-r1 with PID 21386 (/home/przodownik/blog/basicCamp/build/classes/test started by przodownik in /home/przodownik/blog/basicCamp) 
2015-11-07 17:51:04   [Test worker] INFO  p.j.s.SpringDataTestApplicationTests - Started SpringDataTestApplicationTests in 2.895 seconds (JVM running for 3.542) 
2015-11-07 17:51:04   [Test worker] INFO  p.j.s.rest.SampleRestControllerTest - Starting SampleRestControllerTest on przodownik-r1 with PID 21386 (/home/przodownik/blog/basicCamp/build/classes/test started by przodownik in /home/przodownik/blog/basicCamp) 
2015-11-07 17:51:05   [Test worker] INFO  p.j.s.rest.SampleRestControllerTest - Started SampleRestControllerTest in 0.879 seconds (JVM running for 4.753) 
2015-11-07 17:51:06   [Test worker] INFO  p.j.s.downloader.DownloaderTest - +++  <?xml version="1.0" encoding="utf-8"?>
<wsdl:definitions xmlns:tm="http://microsoft.com/wsdl/mime/textMatching/" xmlns:soapenc="http://schemas.xmlsoap.org/soap/encoding/" xmlns:mime="http://schemas.xmlsoap.org/wsdl/mime/" xmlns:tns="http://www.webserviceX.NET" xmlns:soap="http://schemas.xmlsoap.org/wsdl/soap/" xmlns:s="http://www.w3.org/2001/XMLSchema" xmlns:soap12="http://schemas.xmlsoap.org/wsdl/soap12/" xmlns:http="http://schemas.xmlsoap.org/wsdl/http/" targetNamespace="http://www.webserviceX.NET" xmlns:wsdl="http://schemas.xmlsoap.org/wsdl/">
  <wsdl:types>
    <s:schema elementFormDefault="qualified" targetNamespace="http://www.webserviceX.NET">
      <s:element name="GetWeather">
        <s:complexType>
          <s:sequence>
            <s:element minOccurs="0" maxOccurs="1" name="CityName" type="s:string" />
            <s:element minOccurs="0" maxOccurs="1" name="CountryName" type="s:string" />
          </s:sequence>
        </s:complexType>
      </s:element>
      <s:element name="GetWeatherResponse">
        <s:complexType>
          <s:sequence>
            <s:element minOccurs="0" maxOccurs="1" name="GetWeatherResult" type="s:string" />
          </s:sequence>
        </s:complexType>
      </s:element>
      <s:element name="GetCitiesByCountry">
        <s:complexType>
          <s:sequence>
            <s:element minOccurs="0" maxOccurs="1" name="CountryName" type="s:string" />
          </s:sequence>
        </s:complexType>
      </s:element>
      <s:element name="GetCitiesByCountryResponse">
        <s:complexType>
          <s:sequence>
            <s:element minOccurs="0" maxOccurs="1" name="GetCitiesByCountryResult" type="s:string" />
          </s:sequence>
        </s:complexType>
      </s:element>
      <s:element name="string" nillable="true" type="s:string" />
    </s:schema>
  </wsdl:types>
  <wsdl:message name="GetWeatherSoapIn">
    <wsdl:part name="parameters" element="tns:GetWeather" />
  </wsdl:message>
  <wsdl:message name="GetWeatherSoapOut">
    <wsdl:part name="parameters" element="tns:GetWeatherResponse" />
  </wsdl:message>
  <wsdl:message name="GetCitiesByCountrySoapIn">
    <wsdl:part name="parameters" element="tns:GetCitiesByCountry" />
  </wsdl:message>
  <wsdl:message name="GetCitiesByCountrySoapOut">
    <wsdl:part name="parameters" element="tns:GetCitiesByCountryResponse" />
  </wsdl:message>
  <wsdl:message name="GetWeatherHttpGetIn">
    <wsdl:part name="CityName" type="s:string" />
    <wsdl:part name="CountryName" type="s:string" />
  </wsdl:message>
  <wsdl:message name="GetWeatherHttpGetOut">
    <wsdl:part name="Body" element="tns:string" />
  </wsdl:message>
  <wsdl:message name="GetCitiesByCountryHttpGetIn">
    <wsdl:part name="CountryName" type="s:string" />
  </wsdl:message>
  <wsdl:message name="GetCitiesByCountryHttpGetOut">
    <wsdl:part name="Body" element="tns:string" />
  </wsdl:message>
  <wsdl:message name="GetWeatherHttpPostIn">
    <wsdl:part name="CityName" type="s:string" />
    <wsdl:part name="CountryName" type="s:string" />
  </wsdl:message>
  <wsdl:message name="GetWeatherHttpPostOut">
    <wsdl:part name="Body" element="tns:string" />
  </wsdl:message>
  <wsdl:message name="GetCitiesByCountryHttpPostIn">
    <wsdl:part name="CountryName" type="s:string" />
  </wsdl:message>
  <wsdl:message name="GetCitiesByCountryHttpPostOut">
    <wsdl:part name="Body" element="tns:string" />
  </wsdl:message>
  <wsdl:portType name="GlobalWeatherSoap">
    <wsdl:operation name="GetWeather">
      <wsdl:documentation xmlns:wsdl="http://schemas.xmlsoap.org/wsdl/">Get weather report for all major cities around the world.</wsdl:documentation>
      <wsdl:input message="tns:GetWeatherSoapIn" />
      <wsdl:output message="tns:GetWeatherSoapOut" />
    </wsdl:operation>
    <wsdl:operation name="GetCitiesByCountry">
      <wsdl:documentation xmlns:wsdl="http://schemas.xmlsoap.org/wsdl/">Get all major cities by country name(full / part).</wsdl:documentation>
      <wsdl:input message="tns:GetCitiesByCountrySoapIn" />
      <wsdl:output message="tns:GetCitiesByCountrySoapOut" />
    </wsdl:operation>
  </wsdl:portType>
  <wsdl:portType name="GlobalWeatherHttpGet">
    <wsdl:operation name="GetWeather">
      <wsdl:documentation xmlns:wsdl="http://schemas.xmlsoap.org/wsdl/">Get weather report for all major cities around the world.</wsdl:documentation>
      <wsdl:input message="tns:GetWeatherHttpGetIn" />
      <wsdl:output message="tns:GetWeatherHttpGetOut" />
    </wsdl:operation>
    <wsdl:operation name="GetCitiesByCountry">
      <wsdl:documentation xmlns:wsdl="http://schemas.xmlsoap.org/wsdl/">Get all major cities by country name(full / part).</wsdl:documentation>
      <wsdl:input message="tns:GetCitiesByCountryHttpGetIn" />
      <wsdl:output message="tns:GetCitiesByCountryHttpGetOut" />
    </wsdl:operation>
  </wsdl:portType>
  <wsdl:portType name="GlobalWeatherHttpPost">
    <wsdl:operation name="GetWeather">
      <wsdl:documentation xmlns:wsdl="http://schemas.xmlsoap.org/wsdl/">Get weather report for all major cities around the world.</wsdl:documentation>
      <wsdl:input message="tns:GetWeatherHttpPostIn" />
      <wsdl:output message="tns:GetWeatherHttpPostOut" />
    </wsdl:operation>
    <wsdl:operation name="GetCitiesByCountry">
      <wsdl:documentation xmlns:wsdl="http://schemas.xmlsoap.org/wsdl/">Get all major cities by country name(full / part).</wsdl:documentation>
      <wsdl:input message="tns:GetCitiesByCountryHttpPostIn" />
      <wsdl:output message="tns:GetCitiesByCountryHttpPostOut" />
    </wsdl:operation>
  </wsdl:portType>
  <wsdl:binding name="GlobalWeatherSoap" type="tns:GlobalWeatherSoap">
    <soap:binding transport="http://schemas.xmlsoap.org/soap/http" />
    <wsdl:operation name="GetWeather">
      <soap:operation soapAction="http://www.webserviceX.NET/GetWeather" style="document" />
      <wsdl:input>
        <soap:body use="literal" />
      </wsdl:input>
      <wsdl:output>
        <soap:body use="literal" />
      </wsdl:output>
    </wsdl:operation>
    <wsdl:operation name="GetCitiesByCountry">
      <soap:operation soapAction="http://www.webserviceX.NET/GetCitiesByCountry" style="document" />
      <wsdl:input>
        <soap:body use="literal" />
      </wsdl:input>
      <wsdl:output>
        <soap:body use="literal" />
      </wsdl:output>
    </wsdl:operation>
  </wsdl:binding>
  <wsdl:binding name="GlobalWeatherSoap12" type="tns:GlobalWeatherSoap">
    <soap12:binding transport="http://schemas.xmlsoap.org/soap/http" />
    <wsdl:operation name="GetWeather">
      <soap12:operation soapAction="http://www.webserviceX.NET/GetWeather" style="document" />
      <wsdl:input>
        <soap12:body use="literal" />
      </wsdl:input>
      <wsdl:output>
        <soap12:body use="literal" />
      </wsdl:output>
    </wsdl:operation>
    <wsdl:operation name="GetCitiesByCountry">
      <soap12:operation soapAction="http://www.webserviceX.NET/GetCitiesByCountry" style="document" />
      <wsdl:input>
        <soap12:body use="literal" />
      </wsdl:input>
      <wsdl:output>
        <soap12:body use="literal" />
      </wsdl:output>
    </wsdl:operation>
  </wsdl:binding>
  <wsdl:binding name="GlobalWeatherHttpGet" type="tns:GlobalWeatherHttpGet">
    <http:binding verb="GET" />
    <wsdl:operation name="GetWeather">
      <http:operation location="/GetWeather" />
      <wsdl:input>
        <http:urlEncoded />
      </wsdl:input>
      <wsdl:output>
        <mime:mimeXml part="Body" />
      </wsdl:output>
    </wsdl:operation>
    <wsdl:operation name="GetCitiesByCountry">
      <http:operation location="/GetCitiesByCountry" />
      <wsdl:input>
        <http:urlEncoded />
      </wsdl:input>
      <wsdl:output>
        <mime:mimeXml part="Body" />
      </wsdl:output>
    </wsdl:operation>
  </wsdl:binding>
  <wsdl:binding name="GlobalWeatherHttpPost" type="tns:GlobalWeatherHttpPost">
    <http:binding verb="POST" />
    <wsdl:operation name="GetWeather">
      <http:operation location="/GetWeather" />
      <wsdl:input>
        <mime:content type="application/x-www-form-urlencoded" />
      </wsdl:input>
      <wsdl:output>
        <mime:mimeXml part="Body" />
      </wsdl:output>
    </wsdl:operation>
    <wsdl:operation name="GetCitiesByCountry">
      <http:operation location="/GetCitiesByCountry" />
      <wsdl:input>
        <mime:content type="application/x-www-form-urlencoded" />
      </wsdl:input>
      <wsdl:output>
        <mime:mimeXml part="Body" />
      </wsdl:output>
    </wsdl:operation>
  </wsdl:binding>
  <wsdl:service name="GlobalWeather">
    <wsdl:port name="GlobalWeatherSoap" binding="tns:GlobalWeatherSoap">
      <soap:address location="http://www.webservicex.net/globalweather.asmx" />
    </wsdl:port>
    <wsdl:port name="GlobalWeatherSoap12" binding="tns:GlobalWeatherSoap12">
      <soap12:address location="http://www.webservicex.net/globalweather.asmx" />
    </wsdl:port>
    <wsdl:port name="GlobalWeatherHttpGet" binding="tns:GlobalWeatherHttpGet">
      <http:address location="http://www.webservicex.net/globalweather.asmx" />
    </wsdl:port>
    <wsdl:port name="GlobalWeatherHttpPost" binding="tns:GlobalWeatherHttpPost">
      <http:address location="http://www.webservicex.net/globalweather.asmx" />
    </wsdl:port>
  </wsdl:service>
</wsdl:definitions> 
2015-11-07 18:00:49   [main] INFO  pl.java.scalatech.BootCamp - Starting BootCamp on przodownik-r1 with PID 23987 (/home/przodownik/blog/basicCamp/bin started by przodownik in /home/przodownik/blog/basicCamp) 
2015-11-07 18:00:53   [main] INFO  pl.java.scalatech.BootCamp - Started BootCamp in 4.207 seconds (JVM running for 4.583) 
2015-11-07 18:07:36   [main] INFO  pl.java.scalatech.BootCamp - Starting BootCamp on przodownik-r1 with PID 24320 (/home/przodownik/blog/basicCamp/bin started by przodownik in /home/przodownik/blog/basicCamp) 
2015-11-07 18:07:41   [main] INFO  pl.java.scalatech.BootCamp - Product(name=hammer, price=10, availability=true) 
2015-11-07 18:07:41   [main] INFO  pl.java.scalatech.BootCamp - Product(name=spoon, price=0.34, availability=false) 
2015-11-07 18:07:41   [main] INFO  pl.java.scalatech.BootCamp - Product(name=gun, price=123, availability=false) 
2015-11-07 18:07:41   [main] INFO  pl.java.scalatech.BootCamp - Product(name=fork, price=23, availability=true) 
2015-11-07 18:07:41   [main] INFO  pl.java.scalatech.BootCamp - Product(name=car, price=12345, availability=true) 
2015-11-07 18:07:41   [main] INFO  pl.java.scalatech.BootCamp - Started BootCamp in 4.624 seconds (JVM running for 4.969) 
2015-11-07 18:09:10   [main] INFO  pl.java.scalatech.BootCamp - Starting BootCamp on przodownik-r1 with PID 24422 (/home/przodownik/blog/basicCamp/bin started by przodownik in /home/przodownik/blog/basicCamp) 
2015-11-07 18:09:14   [main] INFO  pl.java.scalatech.BootCamp - Product(name=hammer, price=10, availability=true) 
2015-11-07 18:09:14   [main] INFO  pl.java.scalatech.BootCamp - Product(name=spoon, price=0.34, availability=false) 
2015-11-07 18:09:14   [main] INFO  pl.java.scalatech.BootCamp - Product(name=gun, price=123, availability=false) 
2015-11-07 18:09:14   [main] INFO  pl.java.scalatech.BootCamp - Product(name=fork, price=23, availability=true) 
2015-11-07 18:09:14   [main] INFO  pl.java.scalatech.BootCamp - Product(name=car, price=12345, availability=true) 
2015-11-07 18:09:14   [main] INFO  pl.java.scalatech.BootCamp - Started BootCamp in 3.873 seconds (JVM running for 4.229) 
2015-11-07 18:10:50   [main] INFO  pl.java.scalatech.BootCamp - Starting BootCamp on przodownik-r1 with PID 24503 (/home/przodownik/blog/basicCamp/bin started by przodownik in /home/przodownik/blog/basicCamp) 
2015-11-07 18:10:56   [main] INFO  pl.java.scalatech.BootCamp - Starting BootCamp on przodownik-r1 with PID 24535 (/home/przodownik/blog/basicCamp/bin started by przodownik in /home/przodownik/blog/basicCamp) 
2015-11-07 18:10:59   [main] INFO  pl.java.scalatech.BootCamp - Starting BootCamp on przodownik-r1 with PID 24569 (/home/przodownik/blog/basicCamp/bin started by przodownik in /home/przodownik/blog/basicCamp) 
2015-11-07 18:11:04   [main] INFO  pl.java.scalatech.BootCamp - Product(name=hammer, price=10, availability=true) 
2015-11-07 18:11:04   [main] INFO  pl.java.scalatech.BootCamp - Product(name=spoon, price=0.34, availability=false) 
2015-11-07 18:11:04   [main] INFO  pl.java.scalatech.BootCamp - Product(name=gun, price=123, availability=false) 
2015-11-07 18:11:04   [main] INFO  pl.java.scalatech.BootCamp - Product(name=fork, price=23, availability=true) 
2015-11-07 18:11:04   [main] INFO  pl.java.scalatech.BootCamp - Product(name=car, price=12345, availability=true) 
2015-11-07 18:11:04   [main] INFO  pl.java.scalatech.BootCamp - Started BootCamp in 5.438 seconds (JVM running for 5.874) 
2015-11-07 18:13:47   [main] INFO  pl.java.scalatech.BootCamp - Starting BootCamp on przodownik-r1 with PID 24749 (/home/przodownik/blog/basicCamp/bin started by przodownik in /home/przodownik/blog/basicCamp) 
2015-11-07 18:13:51   [main] INFO  pl.java.scalatech.BootCamp - Starting BootCamp on przodownik-r1 with PID 24777 (/home/przodownik/blog/basicCamp/bin started by przodownik in /home/przodownik/blog/basicCamp) 
2015-11-07 18:13:56   [main] INFO  pl.java.scalatech.BootCamp - Product(name=hammer, price=10, availability=true) 
2015-11-07 18:13:56   [main] INFO  pl.java.scalatech.BootCamp - Product(name=spoon, price=0.34, availability=false) 
2015-11-07 18:13:56   [main] INFO  pl.java.scalatech.BootCamp - Product(name=gun, price=123, availability=false) 
2015-11-07 18:13:56   [main] INFO  pl.java.scalatech.BootCamp - Product(name=fork, price=23, availability=true) 
2015-11-07 18:13:56   [main] INFO  pl.java.scalatech.BootCamp - Product(name=car, price=12345, availability=true) 
2015-11-07 18:13:56   [main] INFO  pl.java.scalatech.BootCamp - Started BootCamp in 4.565 seconds (JVM running for 4.896) 
2015-11-07 18:15:14   [main] INFO  pl.java.scalatech.BootCamp - Starting BootCamp on przodownik-r1 with PID 24935 (/home/przodownik/blog/basicCamp/build/classes/main started by przodownik in /home/przodownik/blog/basicCamp) 
2015-11-07 18:15:18   [main] INFO  pl.java.scalatech.BootCamp - Product(name=hammer, price=10, availability=true) 
2015-11-07 18:15:18   [main] INFO  pl.java.scalatech.BootCamp - Product(name=spoon, price=0.34, availability=false) 
2015-11-07 18:15:18   [main] INFO  pl.java.scalatech.BootCamp - Product(name=gun, price=123, availability=false) 
2015-11-07 18:15:18   [main] INFO  pl.java.scalatech.BootCamp - Product(name=fork, price=23, availability=true) 
2015-11-07 18:15:18   [main] INFO  pl.java.scalatech.BootCamp - Product(name=car, price=12345, availability=true) 
2015-11-07 18:15:18   [main] INFO  pl.java.scalatech.BootCamp - Started BootCamp in 4.043 seconds (JVM running for 4.37) 
2015-11-07 18:17:19   [main] INFO  pl.java.scalatech.BootCamp - Starting BootCamp on przodownik-r1 with PID 25149 (/home/przodownik/blog/basicCamp/build/classes/main started by przodownik in /home/przodownik/blog/basicCamp) 
2015-11-07 18:17:23   [main] INFO  pl.java.scalatech.BootCamp - Product(name=hammer, price=10, availability=true) 
2015-11-07 18:17:23   [main] INFO  pl.java.scalatech.BootCamp - Product(name=spoon, price=0.34, availability=false) 
2015-11-07 18:17:23   [main] INFO  pl.java.scalatech.BootCamp - Product(name=gun, price=123, availability=false) 
2015-11-07 18:17:23   [main] INFO  pl.java.scalatech.BootCamp - Product(name=fork, price=23, availability=true) 
2015-11-07 18:17:23   [main] INFO  pl.java.scalatech.BootCamp - Product(name=car, price=12345, availability=true) 
2015-11-07 18:17:23   [main] INFO  pl.java.scalatech.BootCamp - Started BootCamp in 4.012 seconds (JVM running for 4.284) 
2015-11-07 18:17:26   [http-nio-9111-exec-1] INFO  p.j.s.web.AbstractRestController - ++++++++++++ Product(name=hammer, price=10.00, availability=true) 
2015-11-07 18:17:27   [http-nio-9111-exec-2] INFO  p.j.s.web.AbstractRestController - ++++++++++++ Product(name=hammer, price=10.00, availability=true) 
2015-11-07 18:19:44   [main] INFO  pl.java.scalatech.BootCamp - Starting BootCamp on przodownik-r1 with PID 25360 (/home/przodownik/blog/basicCamp/build/classes/main started by przodownik in /home/przodownik/blog/basicCamp) 
2015-11-07 18:19:48   [main] INFO  pl.java.scalatech.BootCamp - Product(name=hammer, price=10, availability=true) 
2015-11-07 18:19:48   [main] INFO  pl.java.scalatech.BootCamp - Product(name=spoon, price=0.34, availability=false) 
2015-11-07 18:19:48   [main] INFO  pl.java.scalatech.BootCamp - Product(name=gun, price=123, availability=false) 
2015-11-07 18:19:48   [main] INFO  pl.java.scalatech.BootCamp - Product(name=fork, price=23, availability=true) 
2015-11-07 18:19:48   [main] INFO  pl.java.scalatech.BootCamp - Product(name=car, price=12345, availability=true) 
2015-11-07 18:19:48   [main] INFO  pl.java.scalatech.BootCamp - Started BootCamp in 4.23 seconds (JVM running for 4.542) 
2015-11-07 18:20:40   [main] INFO  pl.java.scalatech.BootCamp - Starting BootCamp on przodownik-r1 with PID 25589 (/home/przodownik/blog/basicCamp/build/classes/main started by przodownik in /home/przodownik/blog/basicCamp) 
2015-11-07 18:20:44   [main] INFO  pl.java.scalatech.BootCamp - Product(name=hammer, price=10, availability=true) 
2015-11-07 18:20:44   [main] INFO  pl.java.scalatech.BootCamp - Product(name=spoon, price=0.34, availability=false) 
2015-11-07 18:20:44   [main] INFO  pl.java.scalatech.BootCamp - Product(name=gun, price=123, availability=false) 
2015-11-07 18:20:44   [main] INFO  pl.java.scalatech.BootCamp - Product(name=fork, price=23, availability=true) 
2015-11-07 18:20:44   [main] INFO  pl.java.scalatech.BootCamp - Product(name=car, price=12345, availability=true) 
2015-11-07 18:20:44   [main] INFO  pl.java.scalatech.BootCamp - Started BootCamp in 4.195 seconds (JVM running for 4.525) 
2015-11-07 18:21:56   [main] INFO  pl.java.scalatech.BootCamp - Starting BootCamp on przodownik-r1 with PID 25835 (/home/przodownik/blog/basicCamp/build/classes/main started by przodownik in /home/przodownik/blog/basicCamp) 
2015-11-07 18:22:00   [main] INFO  pl.java.scalatech.BootCamp - Product(name=hammer, price=10, availability=true) 
2015-11-07 18:22:00   [main] INFO  pl.java.scalatech.BootCamp - Product(name=spoon, price=0.34, availability=false) 
2015-11-07 18:22:00   [main] INFO  pl.java.scalatech.BootCamp - Product(name=gun, price=123, availability=false) 
2015-11-07 18:22:00   [main] INFO  pl.java.scalatech.BootCamp - Product(name=fork, price=23, availability=true) 
2015-11-07 18:22:00   [main] INFO  pl.java.scalatech.BootCamp - Product(name=car, price=12345, availability=true) 
2015-11-07 18:22:00   [main] INFO  pl.java.scalatech.BootCamp - Started BootCamp in 4.252 seconds (JVM running for 4.525) 
2015-11-07 18:23:37   [main] INFO  pl.java.scalatech.BootCamp - Starting BootCamp on przodownik-r1 with PID 26063 (/home/przodownik/blog/basicCamp/build/classes/main started by przodownik in /home/przodownik/blog/basicCamp) 
2015-11-07 18:23:41   [main] INFO  pl.java.scalatech.BootCamp - Product(name=hammer, price=10, availability=true) 
2015-11-07 18:23:41   [main] INFO  pl.java.scalatech.BootCamp - Product(name=spoon, price=0.34, availability=false) 
2015-11-07 18:23:41   [main] INFO  pl.java.scalatech.BootCamp - Product(name=gun, price=123, availability=false) 
2015-11-07 18:23:41   [main] INFO  pl.java.scalatech.BootCamp - Product(name=fork, price=23, availability=true) 
2015-11-07 18:23:41   [main] INFO  pl.java.scalatech.BootCamp - Product(name=car, price=12345, availability=true) 
2015-11-07 18:23:41   [main] INFO  pl.java.scalatech.BootCamp - Started BootCamp in 4.357 seconds (JVM running for 4.711) 
2015-11-07 19:07:11   [main] INFO  pl.java.scalatech.BootCamp - Starting BootCamp on przodownik-r1 with PID 27404 (/home/przodownik/blog/basicCamp/build/classes/main started by przodownik in /home/przodownik/blog/basicCamp) 
2015-11-07 19:07:16   [main] INFO  pl.java.scalatech.BootCamp - Role(role=USER) 
2015-11-07 19:07:16   [main] INFO  pl.java.scalatech.BootCamp - Role(role=ADMIN) 
2015-11-07 19:07:16   [main] INFO  pl.java.scalatech.BootCamp - Role(role=BUSINESS) 
2015-11-07 19:07:16   [main] INFO  pl.java.scalatech.BootCamp - Product(name=hammer, price=10, availability=true) 
2015-11-07 19:07:16   [main] INFO  pl.java.scalatech.BootCamp - Product(name=spoon, price=0.34, availability=false) 
2015-11-07 19:07:16   [main] INFO  pl.java.scalatech.BootCamp - Product(name=gun, price=123, availability=false) 
2015-11-07 19:07:16   [main] INFO  pl.java.scalatech.BootCamp - Product(name=fork, price=23, availability=true) 
2015-11-07 19:07:16   [main] INFO  pl.java.scalatech.BootCamp - Product(name=car, price=12345, availability=true) 
2015-11-07 19:07:16   [main] INFO  pl.java.scalatech.BootCamp - Started BootCamp in 4.536 seconds (JVM running for 4.88) 
2015-11-07 19:09:32   [main] INFO  pl.java.scalatech.BootCamp - Starting BootCamp on przodownik-r1 with PID 27635 (/home/przodownik/blog/basicCamp/build/classes/main started by przodownik in /home/przodownik/blog/basicCamp) 
2015-11-07 19:09:36   [main] INFO  pl.java.scalatech.BootCamp - Role(role=USER) 
2015-11-07 19:09:36   [main] INFO  pl.java.scalatech.BootCamp - Role(role=ADMIN) 
2015-11-07 19:09:36   [main] INFO  pl.java.scalatech.BootCamp - Role(role=BUSINESS) 
2015-11-07 19:09:36   [main] INFO  pl.java.scalatech.BootCamp - Product(name=hammer, price=10, availability=true) 
2015-11-07 19:09:36   [main] INFO  pl.java.scalatech.BootCamp - Product(name=spoon, price=0.34, availability=false) 
2015-11-07 19:09:36   [main] INFO  pl.java.scalatech.BootCamp - Product(name=gun, price=123, availability=false) 
2015-11-07 19:09:36   [main] INFO  pl.java.scalatech.BootCamp - Product(name=fork, price=23, availability=true) 
2015-11-07 19:09:36   [main] INFO  pl.java.scalatech.BootCamp - Product(name=car, price=12345, availability=true) 
2015-11-07 19:09:36   [main] INFO  pl.java.scalatech.BootCamp - Started BootCamp in 4.714 seconds (JVM running for 5.022) 
2015-11-07 19:12:46   [main] INFO  pl.java.scalatech.BootCamp - Starting BootCamp on przodownik-r1 with PID 27869 (/home/przodownik/blog/basicCamp/build/classes/main started by przodownik in /home/przodownik/blog/basicCamp) 
2015-11-07 19:12:51   [main] INFO  pl.java.scalatech.BootCamp - Product(name=hammer, price=10, availability=true) 
2015-11-07 19:12:51   [main] INFO  pl.java.scalatech.BootCamp - Product(name=spoon, price=0.34, availability=false) 
2015-11-07 19:12:51   [main] INFO  pl.java.scalatech.BootCamp - Product(name=gun, price=123, availability=false) 
2015-11-07 19:12:51   [main] INFO  pl.java.scalatech.BootCamp - Product(name=fork, price=23, availability=true) 
2015-11-07 19:12:51   [main] INFO  pl.java.scalatech.BootCamp - Product(name=car, price=12345, availability=true) 
2015-11-07 19:12:51   [main] INFO  pl.java.scalatech.BootCamp - Role(role=USER) 
2015-11-07 19:12:51   [main] INFO  pl.java.scalatech.BootCamp - Role(role=ADMIN) 
2015-11-07 19:12:51   [main] INFO  pl.java.scalatech.BootCamp - Role(role=BUSINESS) 
2015-11-07 19:12:51   [main] INFO  pl.java.scalatech.BootCamp - Started BootCamp in 4.529 seconds (JVM running for 4.858) 
2015-11-07 19:14:27   [main] INFO  pl.java.scalatech.BootCamp - Starting BootCamp on przodownik-r1 with PID 28067 (/home/przodownik/blog/basicCamp/build/classes/main started by przodownik in /home/przodownik/blog/basicCamp) 
2015-11-07 19:14:31   [main] INFO  pl.java.scalatech.BootCamp - Role(role=USER) 
2015-11-07 19:14:31   [main] INFO  pl.java.scalatech.BootCamp - Role(role=ADMIN) 
2015-11-07 19:14:31   [main] INFO  pl.java.scalatech.BootCamp - Role(role=BUSINESS) 
2015-11-07 19:14:31   [main] INFO  pl.java.scalatech.BootCamp - Product(name=hammer, price=10, availability=true) 
2015-11-07 19:14:31   [main] INFO  pl.java.scalatech.BootCamp - Product(name=spoon, price=0.34, availability=false) 
2015-11-07 19:14:31   [main] INFO  pl.java.scalatech.BootCamp - Product(name=gun, price=123, availability=false) 
2015-11-07 19:14:31   [main] INFO  pl.java.scalatech.BootCamp - Product(name=fork, price=23, availability=true) 
2015-11-07 19:14:31   [main] INFO  pl.java.scalatech.BootCamp - Product(name=car, price=12345, availability=true) 
2015-11-07 19:14:31   [main] INFO  pl.java.scalatech.BootCamp - Started BootCamp in 4.315 seconds (JVM running for 4.608) 
2015-11-07 21:08:49   [main] INFO  pl.java.scalatech.BootCamp - Starting BootCamp on przodownik-r1 with PID 31337 (/home/przodownik/blog/basicCamp/build/classes/main started by przodownik in /home/przodownik/blog/basicCamp) 
2015-11-07 21:08:53   [main] INFO  pl.java.scalatech.BootCamp - Role(role=USER) 
2015-11-07 21:08:53   [main] INFO  pl.java.scalatech.BootCamp - Role(role=ADMIN) 
2015-11-07 21:08:53   [main] INFO  pl.java.scalatech.BootCamp - Role(role=BUSINESS) 
2015-11-07 21:08:53   [main] INFO  pl.java.scalatech.BootCamp - Product(name=hammer, price=10, availability=true) 
2015-11-07 21:08:53   [main] INFO  pl.java.scalatech.BootCamp - Product(name=spoon, price=0.34, availability=false) 
2015-11-07 21:08:53   [main] INFO  pl.java.scalatech.BootCamp - Product(name=gun, price=123, availability=false) 
2015-11-07 21:08:53   [main] INFO  pl.java.scalatech.BootCamp - Product(name=fork, price=23, availability=true) 
2015-11-07 21:08:53   [main] INFO  pl.java.scalatech.BootCamp - Product(name=car, price=12345, availability=true) 
2015-11-07 21:08:53   [main] INFO  pl.java.scalatech.BootCamp - Started BootCamp in 4.451 seconds (JVM running for 4.722) 
